This is pdfTeX, Version 3.141592653-2.6-1.40.24 (TeX Live 2022) (preloaded format=latex 2022.11.23)  24 NOV 2022 14:24
entering extended mode
 restricted \write18 enabled.
 %&-line parsing enabled.
**main.tex
(./main.tex
LaTeX2e <2022-11-01>
L3 programming layer <2022-11-02>
! Missing \endcsname inserted.
<to be read again> 
                   \let 
l.2 \usepackage[dvipdfmx]
                         {graphicx}
? x
 
Here is how much of TeX's memory you used:
 16 strings out of 474972
 371 string characters out of 5771663
 342064 words of memory out of 5000000
 21619 multiletter control sequences out of 15000+600000
 469259 words of font info for 28 fonts, out of 8000000 for 9000
 1141 hyphenation exceptions out of 8191
 13i,0n,16p,79b,10s stack positions out of 10000i,1000n,20000p,200000b,200000s
No pages of output.
