This is e-pTeX, Version 3.141592653-p4.0.0-220214-2.6 (utf8.euc) (TeX Live 2022) (preloaded format=platex 2022.11.23)  24 NOV 2022 12:24
entering extended mode
 restricted \write18 enabled.
 %&-line parsing enabled.
**pic.tex
(./pic.tex
pLaTeX2e <2021-11-15> (based on LaTeX2e <2022-11-01>)
L3 programming layer <2022-11-02>
(/home/usr0/r70240c/local/texlive/texmf-dist/tex/platex/base/jarticle.cls
Document Class: jarticle 2020/09/30 v1.8f Standard pLaTeX class
\c@@paper=\count184
(/home/usr0/r70240c/local/texlive/texmf-dist/tex/platex/base/jsize12.clo
File: jsize12.clo 2020/09/30 v1.8f Standard pLaTeX file (size option)
)
\c@part=\count185
\c@section=\count186
\c@subsection=\count187
\c@subsubsection=\count188
\c@paragraph=\count189
\c@subparagraph=\count190
\c@figure=\count191
\c@table=\count192
\abovecaptionskip=\skip47
\belowcaptionskip=\skip48
\symmincho=\mathgroup4
LaTeX Font Info:    Overwriting symbol font `mincho' in version `bold'
(Font)                  JY1/mc/m/n --> JY1/gt/m/n on input line 615.
\toclineskip=\dimen156
\@lnumwidth=\dimen157
\bibindent=\dimen158
\heisei=\count193
)
(/home/usr0/r70240c/local/texlive/texmf-dist/tex/latex/graphics/graphicx.sty
Package: graphicx 2021/09/16 v1.2d Enhanced LaTeX Graphics (DPC,SPQR)

(/home/usr0/r70240c/local/texlive/texmf-dist/tex/latex/graphics/keyval.sty
Package: keyval 2022/05/29 v1.15 key=value parser (DPC)
\KV@toks@=\toks17
)
(/home/usr0/r70240c/local/texlive/texmf-dist/tex/latex/graphics/graphics.sty
Package: graphics 2022/03/10 v1.4e Standard LaTeX Graphics (DPC,SPQR)

(/home/usr0/r70240c/local/texlive/texmf-dist/tex/latex/graphics/trig.sty
Package: trig 2021/08/11 v1.11 sin cos tan (DPC)
)
(/home/usr0/r70240c/local/texlive/texmf-dist/tex/latex/graphics-cfg/graphics.cf
g
File: graphics.cfg 2016/06/04 v1.11 sample graphics configuration
)
Package graphics Info: Driver file: dvipdfmx.def on input line 107.

(/home/usr0/r70240c/local/texlive/texmf-dist/tex/latex/graphics-def/dvipdfmx.de
f
File: dvipdfmx.def 2022/09/22 v5.0m Graphics/color driver for dvipdfmx
))
\Gin@req@height=\dimen159
\Gin@req@width=\dimen160
)
(/home/usr0/r70240c/local/texlive/texmf-dist/tex/latex/l3backend/l3backend-dvip
s.def
File: l3backend-dvips.def 2022-10-26 L3 backend support: dvips
\l__pdf_internal_box=\box68
\g__pdf_backend_object_int=\count194
\l__pdf_backend_content_box=\box69
\l__pdf_backend_model_box=\box70
\g__pdf_backend_annotation_int=\count195
\g__pdf_backend_link_int=\count196
\g__pdf_backend_link_sf_int=\count197
) (./pic.aux)
\openout1 = `pic.aux'.

LaTeX Font Info:    Checking defaults for OML/cmm/m/it on input line 5.
LaTeX Font Info:    ... okay on input line 5.
LaTeX Font Info:    Checking defaults for OMS/cmsy/m/n on input line 5.
LaTeX Font Info:    ... okay on input line 5.
LaTeX Font Info:    Checking defaults for OT1/cmr/m/n on input line 5.
LaTeX Font Info:    ... okay on input line 5.
LaTeX Font Info:    Checking defaults for T1/cmr/m/n on input line 5.
LaTeX Font Info:    ... okay on input line 5.
LaTeX Font Info:    Checking defaults for TS1/cmr/m/n on input line 5.
LaTeX Font Info:    ... okay on input line 5.
LaTeX Font Info:    Checking defaults for OMX/cmex/m/n on input line 5.
LaTeX Font Info:    ... okay on input line 5.
LaTeX Font Info:    Checking defaults for U/cmr/m/n on input line 5.
LaTeX Font Info:    ... okay on input line 5.
LaTeX Font Info:    Checking defaults for JY1/mc/m/n on input line 5.
LaTeX Font Info:    ... okay on input line 5.
LaTeX Font Info:    Checking defaults for JT1/mc/m/n on input line 5.
LaTeX Font Info:    ... okay on input line 5.
LaTeX Font Info:    Font shape `JT1/mc/bx/n' in size <17.28> not available
(Font)              Font shape `JT1/gt/m/n' tried instead on input line 6.
LaTeX Font Info:    Font shape `JY1/mc/bx/n' in size <17.28> not available
(Font)              Font shape `JY1/gt/m/n' tried instead on input line 6.
File: ../png//contour/Tokyo3_chiba1buoy.png Graphic file (type bmp)
<../png//contour/Tokyo3_chiba1buoy.png>

Overfull \hbox (140.1496pt too wide) in paragraph at lines 8--9
[][] 
 []

File: ../png//contour/Tokyo4_chiba1buoy.png Graphic file (type bmp)
<../png//contour/Tokyo4_chiba1buoy.png>

Overfull \hbox (125.35812pt too wide) in paragraph at lines 14--15
 [][] 
 []

File: ../png//contour/Tokyo5_chiba1buoy.png Graphic file (type bmp)
<../png//contour/Tokyo5_chiba1buoy.png>

Overfull \hbox (125.35812pt too wide) in paragraph at lines 20--21
 [][] 
 []

[1

] [2] (./pic.aux) ) 
Here is how much of TeX's memory you used:
 957 strings out of 475430
 17016 string characters out of 5784617
 367687 words of memory out of 5000000
 22737 multiletter control sequences out of 15000+600000
 474960 words of font info for 52 fonts, out of 8000000 for 9000
 929 hyphenation exceptions out of 8191
 55i,5n,62p,204b,296s stack positions out of 10000i,1000n,20000p,200000b,200000s

Output written on pic.dvi (2 pages, 1080 bytes).
