This is e-pTeX, Version 3.141592653-p4.0.0-220214-2.6 (utf8.euc) (TeX Live 2022) (preloaded format=platex 2022.11.23)  28 NOV 2022 23:45
entering extended mode
 restricted \write18 enabled.
 %&-line parsing enabled.
**pic6.tex
(./pic6.tex
pLaTeX2e <2021-11-15> (based on LaTeX2e <2022-11-01>)
L3 programming layer <2022-11-02>
(/home/usr0/r70240c/local/texlive/texmf-dist/tex/platex/base/jarticle.cls
Document Class: jarticle 2020/09/30 v1.8f Standard pLaTeX class
\c@@paper=\count184
(/home/usr0/r70240c/local/texlive/texmf-dist/tex/platex/base/jsize12.clo
File: jsize12.clo 2020/09/30 v1.8f Standard pLaTeX file (size option)
)
\c@part=\count185
\c@section=\count186
\c@subsection=\count187
\c@subsubsection=\count188
\c@paragraph=\count189
\c@subparagraph=\count190
\c@figure=\count191
\c@table=\count192
\abovecaptionskip=\skip47
\belowcaptionskip=\skip48
\symmincho=\mathgroup4
LaTeX Font Info:    Overwriting symbol font `mincho' in version `bold'
(Font)                  JY1/mc/m/n --> JY1/gt/m/n on input line 615.
\toclineskip=\dimen156
\@lnumwidth=\dimen157
\bibindent=\dimen158
\heisei=\count193
)
(/home/usr0/r70240c/local/texlive/texmf-dist/tex/latex/graphics/graphicx.sty
Package: graphicx 2021/09/16 v1.2d Enhanced LaTeX Graphics (DPC,SPQR)

(/home/usr0/r70240c/local/texlive/texmf-dist/tex/latex/graphics/keyval.sty
Package: keyval 2022/05/29 v1.15 key=value parser (DPC)
\KV@toks@=\toks17
)
(/home/usr0/r70240c/local/texlive/texmf-dist/tex/latex/graphics/graphics.sty
Package: graphics 2022/03/10 v1.4e Standard LaTeX Graphics (DPC,SPQR)

(/home/usr0/r70240c/local/texlive/texmf-dist/tex/latex/graphics/trig.sty
Package: trig 2021/08/11 v1.11 sin cos tan (DPC)
)
(/home/usr0/r70240c/local/texlive/texmf-dist/tex/latex/graphics-cfg/graphics.cf
g
File: graphics.cfg 2016/06/04 v1.11 sample graphics configuration
)
Package graphics Info: Driver file: dvipdfmx.def on input line 107.

(/home/usr0/r70240c/local/texlive/texmf-dist/tex/latex/graphics-def/dvipdfmx.de
f
File: dvipdfmx.def 2022/09/22 v5.0m Graphics/color driver for dvipdfmx
))
\Gin@req@height=\dimen159
\Gin@req@width=\dimen160
)
(/home/usr0/r70240c/local/texlive/texmf-dist/tex/latex/geometry/geometry.sty
Package: geometry 2020/01/02 v5.9 Page Geometry

(/home/usr0/r70240c/local/texlive/texmf-dist/tex/generic/iftex/ifvtex.sty
Package: ifvtex 2019/10/25 v1.7 ifvtex legacy package. Use iftex instead.

(/home/usr0/r70240c/local/texlive/texmf-dist/tex/generic/iftex/iftex.sty
Package: iftex 2022/02/03 v1.0f TeX engine tests
))
\Gm@cnth=\count194
\Gm@cntv=\count195
\c@Gm@tempcnt=\count196
\Gm@bindingoffset=\dimen161
\Gm@wd@mp=\dimen162
\Gm@odd@mp=\dimen163
\Gm@even@mp=\dimen164
\Gm@layoutwidth=\dimen165
\Gm@layoutheight=\dimen166
\Gm@layouthoffset=\dimen167
\Gm@layoutvoffset=\dimen168
\Gm@dimlist=\toks18
)
(/home/usr0/r70240c/local/texlive/texmf-dist/tex/latex/l3backend/l3backend-dvip
s.def
File: l3backend-dvips.def 2022-10-26 L3 backend support: dvips
\l__pdf_internal_box=\box68
\g__pdf_backend_object_int=\count197
\l__pdf_backend_content_box=\box69
\l__pdf_backend_model_box=\box70
\g__pdf_backend_annotation_int=\count198
\g__pdf_backend_link_int=\count199
\g__pdf_backend_link_sf_int=\count266
) (./pic6.aux)
\openout1 = `pic6.aux'.

LaTeX Font Info:    Checking defaults for OML/cmm/m/it on input line 5.
LaTeX Font Info:    ... okay on input line 5.
LaTeX Font Info:    Checking defaults for OMS/cmsy/m/n on input line 5.
LaTeX Font Info:    ... okay on input line 5.
LaTeX Font Info:    Checking defaults for OT1/cmr/m/n on input line 5.
LaTeX Font Info:    ... okay on input line 5.
LaTeX Font Info:    Checking defaults for T1/cmr/m/n on input line 5.
LaTeX Font Info:    ... okay on input line 5.
LaTeX Font Info:    Checking defaults for TS1/cmr/m/n on input line 5.
LaTeX Font Info:    ... okay on input line 5.
LaTeX Font Info:    Checking defaults for OMX/cmex/m/n on input line 5.
LaTeX Font Info:    ... okay on input line 5.
LaTeX Font Info:    Checking defaults for U/cmr/m/n on input line 5.
LaTeX Font Info:    ... okay on input line 5.
LaTeX Font Info:    Checking defaults for JY1/mc/m/n on input line 5.
LaTeX Font Info:    ... okay on input line 5.
LaTeX Font Info:    Checking defaults for JT1/mc/m/n on input line 5.
LaTeX Font Info:    ... okay on input line 5.

*geometry* driver: auto-detecting
*geometry* detected driver: dvips
*geometry* verbose mode - [ preamble ] result:
* driver: dvips
* paper: a4paper
* layout: <same size as paper>
* layoutoffset:(h,v)=(0.0pt,0.0pt)
* modes: 
* h-part:(L,W,R)=(28.45274pt, 540.60239pt, 28.45274pt)
* v-part:(T,H,B)=(28.45274pt, 788.14136pt, 28.45274pt)
* \paperwidth=597.50787pt
* \paperheight=845.04684pt
* \textwidth=540.60239pt
* \textheight=788.14136pt
* \oddsidemargin=-43.81725pt
* \evensidemargin=-43.81725pt
* \topmargin=-80.81725pt
* \headheight=12.0pt
* \headsep=25.0pt
* \topskip=9.33105pt
* \footskip=30.0pt
* \marginparwidth=83.0pt
* \marginparsep=10.0pt
* \columnsep=10.0pt
* \skip\footins=10.8pt plus 4.0pt minus 2.0pt
* \hoffset=0.0pt
* \voffset=0.0pt
* \mag=1000
* \@twocolumnfalse
* \@twosidefalse
* \@mparswitchfalse
* \@reversemarginfalse
* (1in=72.27pt=25.4mm, 1cm=28.453pt)

LaTeX Font Info:    Font shape `JT1/mc/bx/n' in size <17.28> not available
(Font)              Font shape `JT1/gt/m/n' tried instead on input line 6.
LaTeX Font Info:    Font shape `JY1/mc/bx/n' in size <17.28> not available
(Font)              Font shape `JY1/gt/m/n' tried instead on input line 6.
File: ../png//contour/Tokyo6_chiba1buoy.png Graphic file (type bmp)
<../png//contour/Tokyo6_chiba1buoy.png>
LaTeX Font Info:    External font `cmex10' loaded for size
(Font)              <12> on input line 14.
LaTeX Font Info:    External font `cmex10' loaded for size
(Font)              <8> on input line 14.
LaTeX Font Info:    External font `cmex10' loaded for size
(Font)              <6> on input line 14.
File: ../png//Tokyo6/salinity_chiba1buoy_2_Tokyo6.png Graphic file (type bmp)
<../png//Tokyo6/salinity_chiba1buoy_2_Tokyo6.png>
File: ../png//Tokyo6/salinity_chiba1buoy_10_Tokyo6.png Graphic file (type bmp)
<../png//Tokyo6/salinity_chiba1buoy_10_Tokyo6.png>
File: ../png//Tokyo6/salinity_chiba1buoy_18_Tokyo6.png Graphic file (type bmp)
<../png//Tokyo6/salinity_chiba1buoy_18_Tokyo6.png>
File: ../png//Tokyo6/salinity_chibaharo_2_Tokyo6.png Graphic file (type bmp)
<../png//Tokyo6/salinity_chibaharo_2_Tokyo6.png>
File: ../png//Tokyo6/salinity_chibaharo_10_Tokyo6.png Graphic file (type bmp)
<../png//Tokyo6/salinity_chibaharo_10_Tokyo6.png>
File: ../png//Tokyo6/salinity_chibaharo_18_Tokyo6.png Graphic file (type bmp)
<../png//Tokyo6/salinity_chibaharo_18_Tokyo6.png>
File: ../png//Tokyo6/salinity_urayasu_2_Tokyo6.png Graphic file (type bmp)
<../png//Tokyo6/salinity_urayasu_2_Tokyo6.png>
File: ../png//Tokyo6/salinity_urayasu_10_Tokyo6.png Graphic file (type bmp)
<../png//Tokyo6/salinity_urayasu_10_Tokyo6.png>
File: ../png//Tokyo6/salinity_urayasu_18_Tokyo6.png Graphic file (type bmp)
<../png//Tokyo6/salinity_urayasu_18_Tokyo6.png>
File: ../png//Tokyo6/salinity_kawasaki_2_Tokyo6.png Graphic file (type bmp)
<../png//Tokyo6/salinity_kawasaki_2_Tokyo6.png>
File: ../png//Tokyo6/salinity_kawasaki_10_Tokyo6.png Graphic file (type bmp)
<../png//Tokyo6/salinity_kawasaki_10_Tokyo6.png>
File: ../png//Tokyo6/salinity_kawasaki_18_Tokyo6.png Graphic file (type bmp)
<../png//Tokyo6/salinity_kawasaki_18_Tokyo6.png>
[1

] [2] (./pic6.aux) ) 
Here is how much of TeX's memory you used:
 1616 strings out of 475430
 29654 string characters out of 5784617
 386947 words of memory out of 5000000
 23364 multiletter control sequences out of 15000+600000
 477946 words of font info for 62 fonts, out of 8000000 for 9000
 929 hyphenation exceptions out of 8191
 55i,11n,62p,219b,439s stack positions out of 10000i,1000n,20000p,200000b,200000s

Output written on pic6.dvi (2 pages, 2844 bytes).
